  [1m[35m (2.3ms)[0m  [1m[35mCREATE TABLE "schema_migrations" ("version" varchar NOT NULL PRIMARY KEY)[0m
  [1m[35m (0.2ms)[0m  [1m[35mCREATE TABLE "ar_internal_metadata" ("key" varchar NOT NULL PRIMARY KEY, "value" varchar, "created_at" datetime(6) NOT NULL, "updated_at" datetime(6) NOT NULL)[0m
  [1m[36mActiveRecord::InternalMetadata Load (0.1ms)[0m  [1m[34mSELECT * FROM "ar_internal_metadata" WHERE "ar_internal_metadata"."key" = ? ORDER BY "ar_internal_metadata"."key" ASC LIMIT 1[0m  [[nil, "environment"]]
  [1m[36mActiveRecord::InternalMetadata Create (0.2ms)[0m  [1m[32mINSERT INTO "ar_internal_metadata" ("key", "value", "created_at", "updated_at") VALUES ('environment', 'development', '2024-10-02 15:26:37.677383', '2024-10-02 15:26:37.677387') RETURNING "key"[0m
  [1m[36mActiveRecord::SchemaMigration Load (0.0ms)[0m  [1m[34mSELECT "schema_migrations"."version" FROM "schema_migrations" ORDER BY "schema_migrations"."version" ASC[0m
Started GET "/" for 127.0.0.1 at 2024-10-02 09:59:03 -0600
  [1m[36mActiveRecord::SchemaMigration Load (0.3ms)[0m  [1m[34mSELECT "schema_migrations"."version" FROM "schema_migrations" ORDER BY "schema_migrations"."version" ASC[0m
Processing by Rails::WelcomeController#index as HTML
  Rendering /root/.rbenv/versions/3.1.2/lib/ruby/gems/3.1.0/gems/railties-7.2.1/lib/rails/templates/rails/welcome/index.html.erb
  Rendered /root/.rbenv/versions/3.1.2/lib/ruby/gems/3.1.0/gems/railties-7.2.1/lib/rails/templates/rails/welcome/index.html.erb (Duration: 0.9ms | GC: 0.0ms)
Completed 200 OK in 72ms (Views: 28.1ms | ActiveRecord: 0.0ms (0 queries, 0 cached) | GC: 0.3ms)


Started GET "/" for 127.0.0.1 at 2024-10-02 09:59:03 -0600
Processing by Rails::WelcomeController#index as HTML
  Rendering /root/.rbenv/versions/3.1.2/lib/ruby/gems/3.1.0/gems/railties-7.2.1/lib/rails/templates/rails/welcome/index.html.erb
  Rendered /root/.rbenv/versions/3.1.2/lib/ruby/gems/3.1.0/gems/railties-7.2.1/lib/rails/templates/rails/welcome/index.html.erb (Duration: 0.2ms | GC: 0.0ms)
Completed 200 OK in 1ms (Views: 0.5ms | ActiveRecord: 0.0ms (0 queries, 0 cached) | GC: 0.0ms)


Started GET "/" for 127.0.0.1 at 2024-10-02 09:59:03 -0600
Processing by Rails::WelcomeController#index as HTML
  Rendering /root/.rbenv/versions/3.1.2/lib/ruby/gems/3.1.0/gems/railties-7.2.1/lib/rails/templates/rails/welcome/index.html.erb
  Rendered /root/.rbenv/versions/3.1.2/lib/ruby/gems/3.1.0/gems/railties-7.2.1/lib/rails/templates/rails/welcome/index.html.erb (Duration: 0.2ms | GC: 0.0ms)
Completed 200 OK in 1ms (Views: 0.5ms | ActiveRecord: 0.0ms (0 queries, 0 cached) | GC: 0.0ms)


Started GET "/" for 127.0.0.1 at 2024-10-02 09:59:03 -0600
Processing by Rails::WelcomeController#index as HTML
  Rendering /root/.rbenv/versions/3.1.2/lib/ruby/gems/3.1.0/gems/railties-7.2.1/lib/rails/templates/rails/welcome/index.html.erb
  Rendered /root/.rbenv/versions/3.1.2/lib/ruby/gems/3.1.0/gems/railties-7.2.1/lib/rails/templates/rails/welcome/index.html.erb (Duration: 0.1ms | GC: 0.0ms)
Completed 200 OK in 1ms (Views: 0.3ms | ActiveRecord: 0.0ms (0 queries, 0 cached) | GC: 0.0ms)


Started GET "/static_pages/about" for 127.0.0.1 at 2024-10-02 10:00:46 -0600
Processing by StaticPagesController#about as HTML
  Rendering layout layouts/application.html.erb
  Rendering static_pages/about.html.erb within layouts/application
  Rendered static_pages/about.html.erb within layouts/application (Duration: 0.5ms | GC: 0.0ms)
  Rendered layout layouts/application.html.erb (Duration: 466.9ms | GC: 64.7ms)
Completed 200 OK in 485ms (Views: 474.3ms | ActiveRecord: 0.0ms (0 queries, 0 cached) | GC: 64.7ms)


Started GET "/manifest.json" for 127.0.0.1 at 2024-10-02 10:00:47 -0600
Processing by Rails::PwaController#manifest as JSON
  Rendering pwa/manifest.json.erb
  Rendered pwa/manifest.json.erb (Duration: 0.3ms | GC: 0.0ms)
Completed 200 OK in 4ms (Views: 4.0ms | ActiveRecord: 0.0ms (0 queries, 0 cached) | GC: 0.0ms)


Started GET "/static_pages/help" for 127.0.0.1 at 2024-10-02 10:02:29 -0600
Processing by StaticPagesController#help as HTML
  Rendering layout layouts/application.html.erb
  Rendering static_pages/help.html.erb within layouts/application
  Rendered static_pages/help.html.erb within layouts/application (Duration: 0.2ms | GC: 0.0ms)
  Rendered layout layouts/application.html.erb (Duration: 84.5ms | GC: 0.5ms)
Completed 200 OK in 87ms (Views: 85.2ms | ActiveRecord: 0.0ms (0 queries, 0 cached) | GC: 0.5ms)


Started GET "/manifest.json" for 127.0.0.1 at 2024-10-02 10:02:29 -0600
Processing by Rails::PwaController#manifest as JSON
  Rendering pwa/manifest.json.erb
  Rendered pwa/manifest.json.erb (Duration: 0.4ms | GC: 0.0ms)
Completed 200 OK in 1ms (Views: 0.9ms | ActiveRecord: 0.0ms (0 queries, 0 cached) | GC: 0.0ms)


Started GET "/static_pages/help" for 127.0.0.1 at 2024-10-02 10:05:02 -0600
Processing by StaticPagesController#help as HTML
  Rendering layout layouts/application.html.erb
  Rendering static_pages/help.html.erb within layouts/application
  Rendered static_pages/help.html.erb within layouts/application (Duration: 0.3ms | GC: 0.0ms)
  Rendered layout layouts/application.html.erb (Duration: 13.0ms | GC: 0.4ms)
Completed 200 OK in 15ms (Views: 14.1ms | ActiveRecord: 0.0ms (0 queries, 0 cached) | GC: 0.4ms)


Started GET "/manifest.json" for 127.0.0.1 at 2024-10-02 10:05:02 -0600
Processing by Rails::PwaController#manifest as JSON
  Rendering pwa/manifest.json.erb
  Rendered pwa/manifest.json.erb (Duration: 0.4ms | GC: 0.0ms)
Completed 200 OK in 2ms (Views: 1.3ms | ActiveRecord: 0.0ms (0 queries, 0 cached) | GC: 0.0ms)


Started GET "/" for 127.0.0.1 at 2024-10-02 10:17:33 -0600
  [1m[36mActiveRecord::SchemaMigration Load (3.5ms)[0m  [1m[34mSELECT "schema_migrations"."version" FROM "schema_migrations" ORDER BY "schema_migrations"."version" ASC[0m
Processing by Rails::WelcomeController#index as HTML
  Rendering /root/.rbenv/versions/3.1.2/lib/ruby/gems/3.1.0/gems/railties-7.2.1/lib/rails/templates/rails/welcome/index.html.erb
  Rendered /root/.rbenv/versions/3.1.2/lib/ruby/gems/3.1.0/gems/railties-7.2.1/lib/rails/templates/rails/welcome/index.html.erb (Duration: 0.8ms | GC: 0.1ms)
Completed 200 OK in 7ms (Views: 2.6ms | ActiveRecord: 0.0ms (0 queries, 0 cached) | GC: 0.1ms)


Started GET "/static_pages/contact" for 127.0.0.1 at 2024-10-02 10:17:47 -0600
Processing by StaticPagesController#contact as HTML
  Rendering layout layouts/application.html.erb
  Rendering static_pages/contact.html.erb within layouts/application
  Rendered static_pages/contact.html.erb within layouts/application (Duration: 0.5ms | GC: 0.0ms)
  Rendered layout layouts/application.html.erb (Duration: 58.7ms | GC: 11.8ms)
Completed 200 OK in 64ms (Views: 60.1ms | ActiveRecord: 0.0ms (0 queries, 0 cached) | GC: 12.2ms)


Started GET "/manifest.json" for 127.0.0.1 at 2024-10-02 10:17:48 -0600
Processing by Rails::PwaController#manifest as JSON
  Rendering pwa/manifest.json.erb
  Rendered pwa/manifest.json.erb (Duration: 0.3ms | GC: 0.0ms)
Completed 200 OK in 1ms (Views: 1.1ms | ActiveRecord: 0.0ms (0 queries, 0 cached) | GC: 0.0ms)


Started GET "/static_pages/contact" for 127.0.0.1 at 2024-10-02 10:18:42 -0600
Processing by StaticPagesController#contact as HTML
  Rendering layout layouts/application.html.erb
  Rendering static_pages/contact.html.erb within layouts/application
  Rendered static_pages/contact.html.erb within layouts/application (Duration: 0.2ms | GC: 0.0ms)
  Rendered layout layouts/application.html.erb (Duration: 6.9ms | GC: 0.6ms)
Completed 200 OK in 9ms (Views: 8.3ms | ActiveRecord: 0.0ms (0 queries, 0 cached) | GC: 0.9ms)


Started GET "/manifest.json" for 127.0.0.1 at 2024-10-02 10:18:42 -0600
Processing by Rails::PwaController#manifest as JSON
  Rendering pwa/manifest.json.erb
  Rendered pwa/manifest.json.erb (Duration: 0.5ms | GC: 0.0ms)
Completed 200 OK in 2ms (Views: 1.4ms | ActiveRecord: 0.0ms (0 queries, 0 cached) | GC: 0.1ms)


Started GET "/static_pages/contact" for 127.0.0.1 at 2024-10-02 10:18:42 -0600
Processing by StaticPagesController#contact as HTML
  Rendering layout layouts/application.html.erb
  Rendering static_pages/contact.html.erb within layouts/application
  Rendered static_pages/contact.html.erb within layouts/application (Duration: 0.1ms | GC: 0.0ms)
  Rendered layout layouts/application.html.erb (Duration: 2.3ms | GC: 0.0ms)
Completed 200 OK in 3ms (Views: 2.8ms | ActiveRecord: 0.0ms (0 queries, 0 cached) | GC: 0.1ms)


Started GET "/manifest.json" for 127.0.0.1 at 2024-10-02 10:18:42 -0600
Processing by Rails::PwaController#manifest as JSON
  Rendering pwa/manifest.json.erb
  Rendered pwa/manifest.json.erb (Duration: 0.1ms | GC: 0.0ms)
Completed 200 OK in 1ms (Views: 0.5ms | ActiveRecord: 0.0ms (0 queries, 0 cached) | GC: 0.0ms)


Started GET "/" for 127.0.0.1 at 2024-10-02 10:19:53 -0600
Processing by StaticPagesController#home as HTML
  Rendering layout layouts/application.html.erb
  Rendering static_pages/home.html.erb within layouts/application
  Rendered static_pages/home.html.erb within layouts/application (Duration: 0.7ms | GC: 0.0ms)
  Rendered layout layouts/application.html.erb (Duration: 8.4ms | GC: 0.0ms)
Completed 200 OK in 11ms (Views: 9.6ms | ActiveRecord: 0.0ms (0 queries, 0 cached) | GC: 0.0ms)


Started GET "/manifest.json" for 127.0.0.1 at 2024-10-02 10:19:54 -0600
Processing by Rails::PwaController#manifest as JSON
  Rendering pwa/manifest.json.erb
  Rendered pwa/manifest.json.erb (Duration: 0.4ms | GC: 0.0ms)
Completed 200 OK in 3ms (Views: 1.3ms | ActiveRecord: 0.0ms (0 queries, 0 cached) | GC: 0.0ms)


Started GET "/" for 127.0.0.1 at 2024-10-02 10:20:36 -0600
Processing by StaticPagesController#home as HTML
  Rendering layout layouts/application.html.erb
  Rendering static_pages/home.html.erb within layouts/application
  Rendered static_pages/home.html.erb within layouts/application (Duration: 0.2ms | GC: 0.0ms)
  Rendered layout layouts/application.html.erb (Duration: 7.4ms | GC: 0.0ms)
Completed 200 OK in 10ms (Views: 9.0ms | ActiveRecord: 0.0ms (0 queries, 0 cached) | GC: 0.0ms)


Started GET "/manifest.json" for 127.0.0.1 at 2024-10-02 10:20:36 -0600
Processing by Rails::PwaController#manifest as JSON
  Rendering pwa/manifest.json.erb
  Rendered pwa/manifest.json.erb (Duration: 0.4ms | GC: 0.0ms)
Completed 200 OK in 1ms (Views: 1.2ms | ActiveRecord: 0.0ms (0 queries, 0 cached) | GC: 0.0ms)


Started GET "/" for 127.0.0.1 at 2024-10-09 11:44:56 -0600
  [1m[36mActiveRecord::SchemaMigration Load (0.1ms)[0m  [1m[34mSELECT "schema_migrations"."version" FROM "schema_migrations" ORDER BY "schema_migrations"."version" ASC[0m
Processing by StaticPagesController#home as HTML
  Rendering layout layouts/application.html.erb
  Rendering static_pages/home.html.erb within layouts/application
  Rendered static_pages/home.html.erb within layouts/application (Duration: 118.4ms | GC: 13.6ms)
  Rendered layouts/_shim.html.erb (Duration: 0.2ms | GC: 0.0ms)
  Rendered layouts/_header.html.erb (Duration: 0.3ms | GC: 0.0ms)
  Rendered layouts/_footer.html.erb (Duration: 0.2ms | GC: 0.0ms)
  Rendered layout layouts/application.html.erb (Duration: 146.8ms | GC: 13.9ms)
Completed 200 OK in 165ms (Views: 150.6ms | ActiveRecord: 0.0ms (0 queries, 0 cached) | GC: 14.1ms)


Started GET "/favicon.ico" for 127.0.0.1 at 2024-10-09 11:44:57 -0600
  
ActionController::RoutingError (No route matches [GET] "/favicon.ico"):
  
Started GET "/" for 127.0.0.1 at 2024-10-09 11:46:15 -0600
Processing by StaticPagesController#home as HTML
  Rendering layout layouts/application.html.erb
  Rendering static_pages/home.html.erb within layouts/application
  Rendered static_pages/home.html.erb within layouts/application (Duration: 1.1ms | GC: 0.0ms)
  Rendered layouts/_shim.html.erb (Duration: 0.1ms | GC: 0.0ms)
  Rendered layouts/_header.html.erb (Duration: 0.2ms | GC: 0.0ms)
  Rendered layouts/_footer.html.erb (Duration: 0.1ms | GC: 0.0ms)
  Rendered layout layouts/application.html.erb (Duration: 5.5ms | GC: 0.0ms)
Completed 200 OK in 7ms (Views: 6.3ms | ActiveRecord: 0.0ms (0 queries, 0 cached) | GC: 0.0ms)


Started GET "/" for 127.0.0.1 at 2024-10-09 11:46:20 -0600
Processing by StaticPagesController#home as HTML
  Rendering layout layouts/application.html.erb
  Rendering static_pages/home.html.erb within layouts/application
  Rendered static_pages/home.html.erb within layouts/application (Duration: 1.3ms | GC: 0.0ms)
  Rendered layouts/_shim.html.erb (Duration: 0.1ms | GC: 0.0ms)
  Rendered layouts/_header.html.erb (Duration: 0.1ms | GC: 0.0ms)
  Rendered layouts/_footer.html.erb (Duration: 0.0ms | GC: 0.0ms)
  Rendered layout layouts/application.html.erb (Duration: 7.5ms | GC: 0.0ms)
Completed 200 OK in 10ms (Views: 9.9ms | ActiveRecord: 0.0ms (0 queries, 0 cached) | GC: 0.0ms)


Started GET "/" for 127.0.0.1 at 2024-10-09 11:54:54 -0600
Processing by StaticPagesController#home as HTML
  Rendering layout layouts/application.html.erb
  Rendering static_pages/home.html.erb within layouts/application
  Rendered static_pages/home.html.erb within layouts/application (Duration: 1.0ms | GC: 0.0ms)
  Rendered layout layouts/application.html.erb (Duration: 148.5ms | GC: 0.0ms)
Completed 500 Internal Server Error in 150ms (ActiveRecord: 0.0ms (0 queries, 0 cached) | GC: 0.0ms)


  
LoadError (cannot load such file -- sassc):
  
app/views/layouts/application.html.erb:6
Started GET "/" for 127.0.0.1 at 2024-10-09 12:03:58 -0600
Processing by StaticPagesController#home as HTML
  Rendering layout layouts/application.html.erb
  Rendering static_pages/home.html.erb within layouts/application
  Rendered static_pages/home.html.erb within layouts/application (Duration: 1.5ms | GC: 0.0ms)
  Rendered layout layouts/application.html.erb (Duration: 30.9ms | GC: 0.5ms)
Completed 500 Internal Server Error in 33ms (ActiveRecord: 0.0ms (0 queries, 0 cached) | GC: 1.1ms)


  
LoadError (cannot load such file -- sassc):
  
app/views/layouts/application.html.erb:6
Started GET "/" for 127.0.0.1 at 2024-10-09 12:07:12 -0600
Processing by StaticPagesController#home as HTML
  Rendering layout layouts/application.html.erb
  Rendering static_pages/home.html.erb within layouts/application
  Rendered static_pages/home.html.erb within layouts/application (Duration: 1.0ms | GC: 0.0ms)
  Rendered layout layouts/application.html.erb (Duration: 13.0ms | GC: 0.7ms)
Completed 500 Internal Server Error in 14ms (ActiveRecord: 0.0ms (0 queries, 0 cached) | GC: 0.7ms)


  
LoadError (cannot load such file -- sassc):
  
app/views/layouts/application.html.erb:6
Started GET "/" for 127.0.0.1 at 2024-10-09 12:13:37 -0600
Processing by StaticPagesController#home as HTML
  Rendering layout layouts/application.html.erb
  Rendering static_pages/home.html.erb within layouts/application
  Rendered static_pages/home.html.erb within layouts/application (Duration: 1.2ms | GC: 0.1ms)
  Rendered layout layouts/application.html.erb (Duration: 6.7ms | GC: 0.3ms)
Completed 500 Internal Server Error in 17ms (ActiveRecord: 0.0ms (0 queries, 0 cached) | GC: 0.3ms)


  
LoadError (cannot load such file -- sassc):
  
app/views/layouts/application.html.erb:6
Started GET "/" for 127.0.0.1 at 2024-10-09 12:15:35 -0600
Processing by StaticPagesController#home as HTML
  Rendering layout layouts/application.html.erb
  Rendering static_pages/home.html.erb within layouts/application
  Rendered static_pages/home.html.erb within layouts/application (Duration: 1.3ms | GC: 0.0ms)
  Rendered layout layouts/application.html.erb (Duration: 6.7ms | GC: 0.4ms)
Completed 500 Internal Server Error in 9ms (ActiveRecord: 0.0ms (0 queries, 0 cached) | GC: 0.4ms)


  
LoadError (cannot load such file -- sassc):
  
app/views/layouts/application.html.erb:6
Started GET "/" for 127.0.0.1 at 2024-10-09 12:17:58 -0600
  [1m[36mActiveRecord::SchemaMigration Load (0.2ms)[0m  [1m[34mSELECT "schema_migrations"."version" FROM "schema_migrations" ORDER BY "schema_migrations"."version" ASC[0m
Processing by StaticPagesController#home as HTML
  Rendering layout layouts/application.html.erb
  Rendering static_pages/home.html.erb within layouts/application
  Rendered static_pages/home.html.erb within layouts/application (Duration: 781.4ms | GC: 69.2ms)
  Rendered layouts/_shim.html.erb (Duration: 0.5ms | GC: 0.0ms)
  Rendered layouts/_header.html.erb (Duration: 0.3ms | GC: 0.0ms)
  Rendered layouts/_footer.html.erb (Duration: 0.1ms | GC: 0.0ms)
  Rendered layout layouts/application.html.erb (Duration: 804.7ms | GC: 69.7ms)
Completed 200 OK in 812ms (Views: 806.5ms | ActiveRecord: 0.0ms (0 queries, 0 cached) | GC: 70.1ms)


Started GET "/" for 127.0.0.1 at 2024-10-09 12:20:40 -0600
Processing by StaticPagesController#home as HTML
  Rendering layout layouts/application.html.erb
  Rendering static_pages/home.html.erb within layouts/application
  Rendered static_pages/home.html.erb within layouts/application (Duration: 1.9ms | GC: 0.1ms)
  Rendered layouts/_shim.html.erb (Duration: 0.0ms | GC: 0.0ms)
  Rendered layouts/_header.html.erb (Duration: 0.1ms | GC: 0.0ms)
  Rendered layouts/_footer.html.erb (Duration: 0.0ms | GC: 0.0ms)
  Rendered layout layouts/application.html.erb (Duration: 333.0ms | GC: 2.1ms)
Completed 200 OK in 334ms (Views: 333.5ms | ActiveRecord: 0.0ms (0 queries, 0 cached) | GC: 2.3ms)


Started GET "/" for 127.0.0.1 at 2024-10-09 12:23:18 -0600
Processing by StaticPagesController#home as HTML
  Rendering layout layouts/application.html.erb
  Rendering static_pages/home.html.erb within layouts/application
  Rendered static_pages/home.html.erb within layouts/application (Duration: 1.1ms | GC: 0.0ms)
  Rendered layouts/_shim.html.erb (Duration: 0.1ms | GC: 0.0ms)
  Rendered layouts/_header.html.erb (Duration: 0.1ms | GC: 0.0ms)
  Rendered layouts/_footer.html.erb (Duration: 0.0ms | GC: 0.0ms)
  Rendered layout layouts/application.html.erb (Duration: 364.5ms | GC: 0.3ms)
Completed 200 OK in 365ms (Views: 364.8ms | ActiveRecord: 0.0ms (0 queries, 0 cached) | GC: 0.3ms)


Started GET "/" for 127.0.0.1 at 2024-10-09 12:26:02 -0600
Processing by StaticPagesController#home as HTML
  Rendering layout layouts/application.html.erb
  Rendering static_pages/home.html.erb within layouts/application
  Rendered static_pages/home.html.erb within layouts/application (Duration: 1.4ms | GC: 0.0ms)
  Rendered layouts/_shim.html.erb (Duration: 0.3ms | GC: 0.0ms)
  Rendered layouts/_header.html.erb (Duration: 0.2ms | GC: 0.0ms)
  Rendered layouts/_footer.html.erb (Duration: 0.1ms | GC: 0.0ms)
  Rendered layout layouts/application.html.erb (Duration: 21.4ms | GC: 7.2ms)
Completed 200 OK in 24ms (Views: 22.6ms | ActiveRecord: 0.0ms (0 queries, 0 cached) | GC: 7.2ms)


Started GET "/help" for 127.0.0.1 at 2024-10-09 12:26:13 -0600
Processing by StaticPagesController#help as HTML
  Rendering layout layouts/application.html.erb
  Rendering static_pages/help.html.erb within layouts/application
  Rendered static_pages/help.html.erb within layouts/application (Duration: 0.5ms | GC: 0.1ms)
  Rendered layouts/_shim.html.erb (Duration: 0.0ms | GC: 0.0ms)
  Rendered layouts/_header.html.erb (Duration: 0.1ms | GC: 0.0ms)
  Rendered layouts/_footer.html.erb (Duration: 0.0ms | GC: 0.0ms)
  Rendered layout layouts/application.html.erb (Duration: 10.0ms | GC: 0.9ms)
Completed 200 OK in 11ms (Views: 10.4ms | ActiveRecord: 0.0ms (0 queries, 0 cached) | GC: 0.9ms)


Started GET "/contact" for 127.0.0.1 at 2024-10-09 12:26:23 -0600
Processing by StaticPagesController#contact as HTML
  Rendering layout layouts/application.html.erb
  Rendering static_pages/contact.html.erb within layouts/application
  Rendered static_pages/contact.html.erb within layouts/application (Duration: 0.3ms | GC: 0.0ms)
  Rendered layouts/_shim.html.erb (Duration: 0.0ms | GC: 0.0ms)
  Rendered layouts/_header.html.erb (Duration: 0.1ms | GC: 0.0ms)
  Rendered layouts/_footer.html.erb (Duration: 0.0ms | GC: 0.0ms)
  Rendered layout layouts/application.html.erb (Duration: 13.5ms | GC: 0.5ms)
Completed 200 OK in 15ms (Views: 14.2ms | ActiveRecord: 0.0ms (0 queries, 0 cached) | GC: 0.8ms)


Started GET "/contact" for 127.0.0.1 at 2024-10-09 12:34:20 -0600
Processing by StaticPagesController#contact as HTML
  Rendering layout layouts/application.html.erb
  Rendering static_pages/contact.html.erb within layouts/application
  Rendered static_pages/contact.html.erb within layouts/application (Duration: 0.6ms | GC: 0.0ms)
  Rendered layouts/_shim.html.erb (Duration: 0.4ms | GC: 0.1ms)
  Rendered layouts/_header.html.erb (Duration: 0.7ms | GC: 0.0ms)
  Rendered layouts/_footer.html.erb (Duration: 0.2ms | GC: 0.0ms)
  Rendered layout layouts/application.html.erb (Duration: 290.2ms | GC: 3.3ms)
Completed 200 OK in 293ms (Views: 292.2ms | ActiveRecord: 0.0ms (0 queries, 0 cached) | GC: 3.4ms)


Started GET "/" for 127.0.0.1 at 2024-10-09 12:34:40 -0600
Processing by StaticPagesController#home as HTML
  Rendering layout layouts/application.html.erb
  Rendering static_pages/home.html.erb within layouts/application
  Rendered static_pages/home.html.erb within layouts/application (Duration: 1.2ms | GC: 0.0ms)
  Rendered layouts/_shim.html.erb (Duration: 0.4ms | GC: 0.0ms)
  Rendered layouts/_header.html.erb (Duration: 0.2ms | GC: 0.0ms)
  Rendered layouts/_footer.html.erb (Duration: 0.0ms | GC: 0.0ms)
  Rendered layout layouts/application.html.erb (Duration: 23.7ms | GC: 0.7ms)
Completed 200 OK in 25ms (Views: 24.1ms | ActiveRecord: 0.0ms (0 queries, 0 cached) | GC: 0.7ms)


Started GET "/" for 127.0.0.1 at 2024-10-09 12:34:43 -0600
Processing by StaticPagesController#home as HTML
  Rendering layout layouts/application.html.erb
  Rendering static_pages/home.html.erb within layouts/application
  Rendered static_pages/home.html.erb within layouts/application (Duration: 1.0ms | GC: 0.0ms)
  Rendered layouts/_shim.html.erb (Duration: 0.1ms | GC: 0.0ms)
  Rendered layouts/_header.html.erb (Duration: 0.2ms | GC: 0.0ms)
  Rendered layouts/_footer.html.erb (Duration: 0.0ms | GC: 0.0ms)
  Rendered layout layouts/application.html.erb (Duration: 9.7ms | GC: 0.9ms)
Completed 200 OK in 10ms (Views: 10.0ms | ActiveRecord: 0.0ms (0 queries, 0 cached) | GC: 0.9ms)


Started GET "/" for 127.0.0.1 at 2024-10-09 12:34:45 -0600
Processing by StaticPagesController#home as HTML
  Rendering layout layouts/application.html.erb
  Rendering static_pages/home.html.erb within layouts/application
  Rendered static_pages/home.html.erb within layouts/application (Duration: 0.8ms | GC: 0.0ms)
  Rendered layouts/_shim.html.erb (Duration: 0.0ms | GC: 0.0ms)
  Rendered layouts/_header.html.erb (Duration: 0.2ms | GC: 0.0ms)
  Rendered layouts/_footer.html.erb (Duration: 0.0ms | GC: 0.0ms)
  Rendered layout layouts/application.html.erb (Duration: 26.7ms | GC: 0.5ms)
Completed 200 OK in 28ms (Views: 27.1ms | ActiveRecord: 0.0ms (0 queries, 0 cached) | GC: 0.5ms)


Started GET "/help" for 127.0.0.1 at 2024-10-09 12:34:47 -0600
Processing by StaticPagesController#help as HTML
  Rendering layout layouts/application.html.erb
  Rendering static_pages/help.html.erb within layouts/application
  Rendered static_pages/help.html.erb within layouts/application (Duration: 0.4ms | GC: 0.0ms)
  Rendered layouts/_shim.html.erb (Duration: 0.0ms | GC: 0.0ms)
  Rendered layouts/_header.html.erb (Duration: 0.2ms | GC: 0.0ms)
  Rendered layouts/_footer.html.erb (Duration: 0.0ms | GC: 0.0ms)
  Rendered layout layouts/application.html.erb (Duration: 9.1ms | GC: 0.3ms)
Completed 200 OK in 10ms (Views: 9.5ms | ActiveRecord: 0.0ms (0 queries, 0 cached) | GC: 0.3ms)


Started GET "/" for 127.0.0.1 at 2024-10-09 12:36:43 -0600
Processing by StaticPagesController#home as HTML
  Rendering layout layouts/application.html.erb
  Rendering static_pages/home.html.erb within layouts/application
  Rendered static_pages/home.html.erb within layouts/application (Duration: 1.1ms | GC: 0.0ms)
  Rendered layouts/_shim.html.erb (Duration: 0.0ms | GC: 0.0ms)
  Rendered layouts/_header.html.erb (Duration: 0.2ms | GC: 0.0ms)
  Rendered layouts/_footer.html.erb (Duration: 0.1ms | GC: 0.0ms)
  Rendered layout layouts/application.html.erb (Duration: 10.1ms | GC: 0.2ms)
Completed 200 OK in 11ms (Views: 10.4ms | ActiveRecord: 0.0ms (0 queries, 0 cached) | GC: 0.2ms)


Started GET "/help" for 127.0.0.1 at 2024-10-09 12:36:44 -0600
Processing by StaticPagesController#help as HTML
  Rendering layout layouts/application.html.erb
  Rendering static_pages/help.html.erb within layouts/application
  Rendered static_pages/help.html.erb within layouts/application (Duration: 0.2ms | GC: 0.0ms)
  Rendered layouts/_shim.html.erb (Duration: 0.0ms | GC: 0.0ms)
  Rendered layouts/_header.html.erb (Duration: 0.3ms | GC: 0.0ms)
  Rendered layouts/_footer.html.erb (Duration: 0.0ms | GC: 0.0ms)
  Rendered layout layouts/application.html.erb (Duration: 14.6ms | GC: 4.7ms)
Completed 200 OK in 16ms (Views: 15.2ms | ActiveRecord: 0.0ms (0 queries, 0 cached) | GC: 4.7ms)


Started GET "/about" for 127.0.0.1 at 2024-10-09 12:36:46 -0600
Processing by StaticPagesController#about as HTML
  Rendering layout layouts/application.html.erb
  Rendering static_pages/about.html.erb within layouts/application
  Rendered static_pages/about.html.erb within layouts/application (Duration: 0.3ms | GC: 0.0ms)
  Rendered layouts/_shim.html.erb (Duration: 0.0ms | GC: 0.0ms)
  Rendered layouts/_header.html.erb (Duration: 0.4ms | GC: 0.0ms)
  Rendered layouts/_footer.html.erb (Duration: 0.0ms | GC: 0.0ms)
  Rendered layout layouts/application.html.erb (Duration: 13.4ms | GC: 0.5ms)
Completed 200 OK in 14ms (Views: 13.7ms | ActiveRecord: 0.0ms (0 queries, 0 cached) | GC: 0.5ms)


Started GET "/contact" for 127.0.0.1 at 2024-10-09 12:36:48 -0600
Processing by StaticPagesController#contact as HTML
  Rendering layout layouts/application.html.erb
  Rendering static_pages/contact.html.erb within layouts/application
  Rendered static_pages/contact.html.erb within layouts/application (Duration: 0.1ms | GC: 0.0ms)
  Rendered layouts/_shim.html.erb (Duration: 0.1ms | GC: 0.0ms)
  Rendered layouts/_header.html.erb (Duration: 0.2ms | GC: 0.0ms)
  Rendered layouts/_footer.html.erb (Duration: 0.0ms | GC: 0.0ms)
  Rendered layout layouts/application.html.erb (Duration: 15.4ms | GC: 0.4ms)
Completed 200 OK in 16ms (Views: 15.8ms | ActiveRecord: 0.0ms (0 queries, 0 cached) | GC: 0.4ms)


Started GET "/" for 127.0.0.1 at 2024-10-09 12:36:50 -0600
Processing by StaticPagesController#home as HTML
  Rendering layout layouts/application.html.erb
  Rendering static_pages/home.html.erb within layouts/application
  Rendered static_pages/home.html.erb within layouts/application (Duration: 1.3ms | GC: 0.2ms)
  Rendered layouts/_shim.html.erb (Duration: 0.0ms | GC: 0.0ms)
  Rendered layouts/_header.html.erb (Duration: 0.2ms | GC: 0.0ms)
  Rendered layouts/_footer.html.erb (Duration: 0.0ms | GC: 0.0ms)
  Rendered layout layouts/application.html.erb (Duration: 9.1ms | GC: 0.8ms)
Completed 200 OK in 10ms (Views: 9.4ms | ActiveRecord: 0.0ms (0 queries, 0 cached) | GC: 0.8ms)


Started GET "/" for 127.0.0.1 at 2024-10-09 12:39:36 -0600
Processing by StaticPagesController#home as HTML
  Rendering layout layouts/application.html.erb
  Rendering static_pages/home.html.erb within layouts/application
  Rendered static_pages/home.html.erb within layouts/application (Duration: 0.9ms | GC: 0.0ms)
  Rendered layouts/_shim.html.erb (Duration: 0.0ms | GC: 0.0ms)
  Rendered layouts/_header.html.erb (Duration: 0.2ms | GC: 0.0ms)
  Rendered layouts/_footer.html.erb (Duration: 0.0ms | GC: 0.0ms)
  Rendered layout layouts/application.html.erb (Duration: 309.8ms | GC: 1.6ms)
Completed 200 OK in 311ms (Views: 310.2ms | ActiveRecord: 0.0ms (0 queries, 0 cached) | GC: 1.6ms)


Started GET "/" for 127.0.0.1 at 2024-10-09 12:40:02 -0600
  [1m[36mActiveRecord::SchemaMigration Load (0.2ms)[0m  [1m[34mSELECT "schema_migrations"."version" FROM "schema_migrations" ORDER BY "schema_migrations"."version" ASC[0m
Processing by StaticPagesController#home as HTML
  Rendering layout layouts/application.html.erb
  Rendering static_pages/home.html.erb within layouts/application
  Rendered static_pages/home.html.erb within layouts/application (Duration: 100.6ms | GC: 13.7ms)
  Rendered layouts/_shim.html.erb (Duration: 0.2ms | GC: 0.0ms)
  Rendered layouts/_header.html.erb (Duration: 0.4ms | GC: 0.0ms)
  Rendered layouts/_footer.html.erb (Duration: 0.2ms | GC: 0.0ms)
  Rendered layout layouts/application.html.erb (Duration: 115.3ms | GC: 14.1ms)
Completed 200 OK in 125ms (Views: 117.3ms | ActiveRecord: 0.0ms (0 queries, 0 cached) | GC: 14.1ms)


Started GET "/favicon.ico" for 127.0.0.1 at 2024-10-09 12:40:03 -0600
  
ActionController::RoutingError (No route matches [GET] "/favicon.ico"):
  
Started GET "/favicon.ico" for 127.0.0.1 at 2024-10-09 12:40:03 -0600
  
ActionController::RoutingError (No route matches [GET] "/favicon.ico"):
  
Started GET "/" for 127.0.0.1 at 2024-10-09 12:40:07 -0600
Processing by StaticPagesController#home as HTML
  Rendering layout layouts/application.html.erb
  Rendering static_pages/home.html.erb within layouts/application
  Rendered static_pages/home.html.erb within layouts/application (Duration: 1.1ms | GC: 0.0ms)
  Rendered layouts/_shim.html.erb (Duration: 0.0ms | GC: 0.0ms)
  Rendered layouts/_header.html.erb (Duration: 0.2ms | GC: 0.0ms)
  Rendered layouts/_footer.html.erb (Duration: 0.0ms | GC: 0.0ms)
  Rendered layout layouts/application.html.erb (Duration: 20.0ms | GC: 0.3ms)
Completed 200 OK in 21ms (Views: 20.4ms | ActiveRecord: 0.0ms (0 queries, 0 cached) | GC: 0.4ms)


Started GET "/help" for 127.0.0.1 at 2024-10-09 12:40:13 -0600
Processing by StaticPagesController#help as HTML
  Rendering layout layouts/application.html.erb
  Rendering static_pages/help.html.erb within layouts/application
  Rendered static_pages/help.html.erb within layouts/application (Duration: 0.3ms | GC: 0.0ms)
  Rendered layouts/_shim.html.erb (Duration: 0.1ms | GC: 0.0ms)
  Rendered layouts/_header.html.erb (Duration: 0.5ms | GC: 0.2ms)
  Rendered layouts/_footer.html.erb (Duration: 0.1ms | GC: 0.0ms)
  Rendered layout layouts/application.html.erb (Duration: 10.6ms | GC: 0.6ms)
Completed 200 OK in 12ms (Views: 11.0ms | ActiveRecord: 0.0ms (0 queries, 0 cached) | GC: 0.6ms)


Started GET "/" for 127.0.0.1 at 2024-10-09 12:40:15 -0600
Processing by StaticPagesController#home as HTML
  Rendering layout layouts/application.html.erb
  Rendering static_pages/home.html.erb within layouts/application
  Rendered static_pages/home.html.erb within layouts/application (Duration: 1.2ms | GC: 0.1ms)
  Rendered layouts/_shim.html.erb (Duration: 0.0ms | GC: 0.0ms)
  Rendered layouts/_header.html.erb (Duration: 0.2ms | GC: 0.0ms)
  Rendered layouts/_footer.html.erb (Duration: 0.1ms | GC: 0.0ms)
  Rendered layout layouts/application.html.erb (Duration: 9.2ms | GC: 0.8ms)
Completed 200 OK in 10ms (Views: 9.5ms | ActiveRecord: 0.0ms (0 queries, 0 cached) | GC: 0.8ms)


Started GET "/" for 127.0.0.1 at 2024-10-09 12:43:47 -0600
Processing by StaticPagesController#home as HTML
  Rendering layout layouts/application.html.erb
  Rendering static_pages/home.html.erb within layouts/application
  Rendered static_pages/home.html.erb within layouts/application (Duration: 1.5ms | GC: 0.0ms)
  Rendered layouts/_shim.html.erb (Duration: 0.1ms | GC: 0.0ms)
  Rendered layouts/_header.html.erb (Duration: 0.2ms | GC: 0.0ms)
  Rendered layouts/_footer.html.erb (Duration: 0.1ms | GC: 0.0ms)
  Rendered layout layouts/application.html.erb (Duration: 313.0ms | GC: 2.1ms)
Completed 200 OK in 314ms (Views: 313.3ms | ActiveRecord: 0.0ms (0 queries, 0 cached) | GC: 2.1ms)


Started GET "/" for 127.0.0.1 at 2024-10-09 12:44:14 -0600
  [1m[36mActiveRecord::SchemaMigration Load (0.1ms)[0m  [1m[34mSELECT "schema_migrations"."version" FROM "schema_migrations" ORDER BY "schema_migrations"."version" ASC[0m
Processing by StaticPagesController#home as HTML
  Rendering layout layouts/application.html.erb
  Rendering static_pages/home.html.erb within layouts/application
  Rendered static_pages/home.html.erb within layouts/application (Duration: 124.2ms | GC: 15.5ms)
  Rendered layouts/_shim.html.erb (Duration: 0.2ms | GC: 0.0ms)
  Rendered layouts/_header.html.erb (Duration: 0.4ms | GC: 0.0ms)
  Rendered layouts/_footer.html.erb (Duration: 0.3ms | GC: 0.1ms)
  Rendered layout layouts/application.html.erb (Duration: 143.1ms | GC: 16.2ms)
Completed 200 OK in 152ms (Views: 145.3ms | ActiveRecord: 0.0ms (0 queries, 0 cached) | GC: 16.2ms)


